mode: set
assignments/layeredcar/delivery/http.go:19.40,21.2 1 1
assignments/layeredcar/delivery/http.go:23.65,29.16 6 1
assignments/layeredcar/delivery/http.go:32.2,33.16 2 1
assignments/layeredcar/delivery/http.go:38.2,39.16 2 1
assignments/layeredcar/delivery/http.go:42.2,44.16 3 1
assignments/layeredcar/delivery/http.go:29.16,31.3 1 0
assignments/layeredcar/delivery/http.go:33.16,37.3 3 1
assignments/layeredcar/delivery/http.go:39.16,41.3 1 0
assignments/layeredcar/delivery/http.go:44.16,47.3 2 0
assignments/layeredcar/delivery/http.go:51.64,55.16 4 1
assignments/layeredcar/delivery/http.go:59.2,60.16 2 1
assignments/layeredcar/delivery/http.go:64.2,65.16 2 1
assignments/layeredcar/delivery/http.go:68.2,69.20 2 1
assignments/layeredcar/delivery/http.go:55.16,58.3 2 0
assignments/layeredcar/delivery/http.go:60.16,63.3 2 1
assignments/layeredcar/delivery/http.go:65.16,67.3 1 0
assignments/layeredcar/delivery/http.go:72.64,77.16 5 1
assignments/layeredcar/delivery/http.go:80.2,82.16 3 1
assignments/layeredcar/delivery/http.go:86.2,87.16 2 1
assignments/layeredcar/delivery/http.go:91.2,92.16 2 1
assignments/layeredcar/delivery/http.go:95.2,97.16 3 1
assignments/layeredcar/delivery/http.go:77.16,79.3 1 0
assignments/layeredcar/delivery/http.go:82.16,85.3 2 0
assignments/layeredcar/delivery/http.go:87.16,90.3 2 1
assignments/layeredcar/delivery/http.go:92.16,94.3 1 0
assignments/layeredcar/delivery/http.go:97.16,99.3 1 0
assignments/layeredcar/delivery/http.go:101.67,104.16 3 1
assignments/layeredcar/delivery/http.go:108.2,109.16 2 1
assignments/layeredcar/delivery/http.go:113.2,113.37 1 1
assignments/layeredcar/delivery/http.go:104.16,107.3 2 0
assignments/layeredcar/delivery/http.go:109.16,112.3 2 1
assignments/layeredcar/delivery/http.go:116.69,121.16 4 1
assignments/layeredcar/delivery/http.go:125.2,126.16 2 1
assignments/layeredcar/delivery/http.go:129.2,130.20 2 1
assignments/layeredcar/delivery/http.go:121.16,124.3 2 1
assignments/layeredcar/delivery/http.go:126.16,128.3 1 0
