mode: set
assignments/layeredcar/service/service.go:17.64,19.2 1 1
assignments/layeredcar/service/service.go:21.57,25.12 2 1
assignments/layeredcar/service/service.go:30.2,30.49 1 1
assignments/layeredcar/service/service.go:35.2,37.26 3 1
assignments/layeredcar/service/service.go:43.2,43.12 1 1
assignments/layeredcar/service/service.go:46.2,47.16 2 1
assignments/layeredcar/service/service.go:51.2,54.16 3 1
assignments/layeredcar/service/service.go:58.2,58.17 1 1
assignments/layeredcar/service/service.go:25.12,27.3 1 1
assignments/layeredcar/service/service.go:30.49,32.3 1 1
assignments/layeredcar/service/service.go:37.26,38.19 1 1
assignments/layeredcar/service/service.go:38.19,40.9 2 1
assignments/layeredcar/service/service.go:43.12,45.3 1 1
assignments/layeredcar/service/service.go:47.16,49.3 1 0
assignments/layeredcar/service/service.go:54.16,56.3 1 0
assignments/layeredcar/service/service.go:61.71,64.12 2 1
assignments/layeredcar/service/service.go:68.2,68.49 1 1
assignments/layeredcar/service/service.go:73.2,75.26 3 1
assignments/layeredcar/service/service.go:81.2,81.12 1 1
assignments/layeredcar/service/service.go:85.2,86.16 2 1
assignments/layeredcar/service/service.go:89.2,90.16 2 1
assignments/layeredcar/service/service.go:94.2,95.16 2 1
assignments/layeredcar/service/service.go:99.2,100.16 2 1
assignments/layeredcar/service/service.go:103.2,103.17 1 1
assignments/layeredcar/service/service.go:64.12,66.3 1 1
assignments/layeredcar/service/service.go:68.49,70.3 1 1
assignments/layeredcar/service/service.go:75.26,76.19 1 1
assignments/layeredcar/service/service.go:76.19,78.9 2 1
assignments/layeredcar/service/service.go:81.12,83.3 1 1
assignments/layeredcar/service/service.go:86.16,88.3 1 0
assignments/layeredcar/service/service.go:90.16,93.3 2 0
assignments/layeredcar/service/service.go:95.16,98.3 2 0
assignments/layeredcar/service/service.go:100.16,102.3 1 0
assignments/layeredcar/service/service.go:106.45,108.20 2 1
assignments/layeredcar/service/service.go:111.2,112.16 2 1
assignments/layeredcar/service/service.go:115.2,116.16 2 1
assignments/layeredcar/service/service.go:119.2,120.16 2 1
assignments/layeredcar/service/service.go:123.2,123.12 1 1
assignments/layeredcar/service/service.go:108.20,110.3 1 1
assignments/layeredcar/service/service.go:112.16,114.3 1 0
assignments/layeredcar/service/service.go:116.16,118.3 1 0
assignments/layeredcar/service/service.go:120.16,122.3 1 0
assignments/layeredcar/service/service.go:126.59,129.20 3 1
assignments/layeredcar/service/service.go:132.2,133.16 2 1
assignments/layeredcar/service/service.go:136.2,137.16 2 1
assignments/layeredcar/service/service.go:140.2,141.15 2 1
assignments/layeredcar/service/service.go:129.20,131.3 1 1
assignments/layeredcar/service/service.go:133.16,135.3 1 0
assignments/layeredcar/service/service.go:137.16,139.3 1 0
assignments/layeredcar/service/service.go:144.79,148.33 3 1
assignments/layeredcar/service/service.go:151.2,152.16 2 1
assignments/layeredcar/service/service.go:156.2,156.26 1 1
assignments/layeredcar/service/service.go:165.2,165.15 1 1
assignments/layeredcar/service/service.go:148.33,150.3 1 1
assignments/layeredcar/service/service.go:152.16,154.3 1 0
assignments/layeredcar/service/service.go:156.26,157.23 1 1
assignments/layeredcar/service/service.go:157.23,159.18 2 1
assignments/layeredcar/service/service.go:162.4,162.19 1 1
assignments/layeredcar/service/service.go:159.18,161.5 1 0
assignments/layeredcar/service/mock_interface.go:27.59,31.2 3 0
assignments/layeredcar/service/mock_interface.go:34.57,36.2 1 0
assignments/layeredcar/service/mock_interface.go:39.62,45.2 5 0
assignments/layeredcar/service/mock_interface.go:48.71,51.2 2 0
assignments/layeredcar/service/mock_interface.go:54.50,59.2 4 0
assignments/layeredcar/service/mock_interface.go:62.72,65.2 2 0
assignments/layeredcar/service/mock_interface.go:68.77,74.2 5 0
assignments/layeredcar/service/mock_interface.go:77.87,80.2 2 0
assignments/layeredcar/service/mock_interface.go:83.64,89.2 5 0
assignments/layeredcar/service/mock_interface.go:92.73,95.2 2 0
assignments/layeredcar/service/mock_interface.go:98.76,104.2 5 0
assignments/layeredcar/service/mock_interface.go:107.75,110.2 2 0
